#! /c/Source/iverilog-install/bin/vvp
:ivl_version "12.0 (devel)" "(s20150603-1539-g2693dd32b)";
:ivl_delay_selection "TYPICAL";
:vpi_time_precision - 12;
:vpi_module "D:\ProgramFiles\iverilog\lib\ivl\system.vpi";
:vpi_module "D:\ProgramFiles\iverilog\lib\ivl\vhdl_sys.vpi";
:vpi_module "D:\ProgramFiles\iverilog\lib\ivl\vhdl_textio.vpi";
:vpi_module "D:\ProgramFiles\iverilog\lib\ivl\v2005_math.vpi";
:vpi_module "D:\ProgramFiles\iverilog\lib\ivl\va_math.vpi";
S_000001c6c0618950 .scope module, "and_gate_tb" "and_gate_tb" 2 7;
 .timescale -9 -12;
v000001c6c04e59e0_0 .var "A", 0 0;
v000001c6c04e5a80_0 .var "B", 0 0;
v000001c6c04e5b20_0 .net "Y", 0 0, L_000001c6c04e5bc0;  1 drivers
S_000001c6c04e57b0 .scope module, "uut" "and_gate" 2 12, 3 1 0, S_000001c6c0618950;
 .timescale -9 -12;
    .port_info 0 /INPUT 1 "A";
    .port_info 1 /INPUT 1 "B";
    .port_info 2 /OUTPUT 1 "Y";
L_000001c6c04e5bc0 .functor AND 1, v000001c6c04e59e0_0, v000001c6c04e5a80_0, C4<1>, C4<1>;
v000001c6c04b3600_0 .net "A", 0 0, v000001c6c04e59e0_0;  1 drivers
v000001c6c04b3160_0 .net "B", 0 0, v000001c6c04e5a80_0;  1 drivers
v000001c6c04e5940_0 .net "Y", 0 0, L_000001c6c04e5bc0;  alias, 1 drivers
    .scope S_000001c6c0618950;
T_0 ;
    %vpi_call 2 20 "$dumpfile", "and_gate.vcd" {0 0 0};
    %vpi_call 2 21 "$dumpvars", 32'sb00000000000000000000000000000000, S_000001c6c0618950 {0 0 0};
    %pushi/vec4 0, 0, 1;
    %store/vec4 v000001c6c04e59e0_0, 0, 1;
    %pushi/vec4 0, 0, 1;
    %store/vec4 v000001c6c04e5a80_0, 0, 1;
    %delay 20000, 0;
    %pushi/vec4 1, 0, 1;
    %store/vec4 v000001c6c04e59e0_0, 0, 1;
    %delay 20000, 0;
    %pushi/vec4 1, 0, 1;
    %store/vec4 v000001c6c04e5a80_0, 0, 1;
    %delay 20000, 0;
    %pushi/vec4 0, 0, 1;
    %store/vec4 v000001c6c04e59e0_0, 0, 1;
    %delay 20000, 0;
    %vpi_call 2 35 "$finish" {0 0 0};
    %end;
    .thread T_0;
    .scope S_000001c6c0618950;
T_1 ;
    %vpi_call 2 39 "$monitor", "%d . %d = %d", v000001c6c04e59e0_0, v000001c6c04e5a80_0, v000001c6c04e5b20_0 {0 0 0};
    %end;
    .thread T_1;
# The file index is used to find the file name in the following table.
:file_names 4;
    "N/A";
    "<interactive>";
    "and_gate_tb.v";
    "./and_gate.v";
