#! /c/Source/iverilog-install/bin/vvp
:ivl_version "12.0 (devel)" "(s20150603-1539-g2693dd32b)";
:ivl_delay_selection "TYPICAL";
:vpi_time_precision - 12;
:vpi_module "D:\ProgramFiles\iverilog\lib\ivl\system.vpi";
:vpi_module "D:\ProgramFiles\iverilog\lib\ivl\vhdl_sys.vpi";
:vpi_module "D:\ProgramFiles\iverilog\lib\ivl\vhdl_textio.vpi";
:vpi_module "D:\ProgramFiles\iverilog\lib\ivl\v2005_math.vpi";
:vpi_module "D:\ProgramFiles\iverilog\lib\ivl\va_math.vpi";
S_000002adcb69d180 .scope module, "comb1_tb" "comb1_tb" 2 4;
 .timescale -9 -12;
v000002adcb6fd1f0_0 .var "A", 3 0;
v000002adcb6fd290_0 .net "Arithmetic", 3 0, L_000002adcb6ff100;  1 drivers
v000002adcb6fde70_0 .var "B", 3 0;
v000002adcb6fdd30_0 .net "Bitwise", 3 0, L_000002adcb6971d0;  1 drivers
v000002adcb6fdf10_0 .var "C", 3 0;
v000002adcb6fe840_0 .net "Concatenation", 3 0, L_000002adcb6ff880;  1 drivers
v000002adcb6fe340_0 .net "Conditional", 3 0, L_000002adcb6fe8e0;  1 drivers
v000002adcb6ff060_0 .var "D", 3 0;
v000002adcb6ffce0_0 .net "Equality", 3 0, L_000002adcb6ff7e0;  1 drivers
v000002adcb6fe3e0_0 .net "Logical", 3 0, L_000002adcb6ff740;  1 drivers
v000002adcb6ffd80_0 .net "Reduction", 3 0, L_000002adcb6fe480;  1 drivers
v000002adcb6fee80_0 .net "Relational", 3 0, L_000002adcb6fe700;  1 drivers
v000002adcb6fea20_0 .net "Shift", 3 0, L_000002adcb6fef20;  1 drivers
S_000002adcb69d310 .scope module, "uut" "comb1" 2 19, 3 1 0, S_000002adcb69d180;
 .timescale -9 -12;
    .port_info 0 /INPUT 4 "A";
    .port_info 1 /INPUT 4 "B";
    .port_info 2 /INPUT 4 "C";
    .port_info 3 /INPUT 4 "D";
    .port_info 4 /OUTPUT 4 "Arithmetic";
    .port_info 5 /OUTPUT 4 "Shift";
    .port_info 6 /OUTPUT 4 "Relational";
    .port_info 7 /OUTPUT 4 "Equality";
    .port_info 8 /OUTPUT 4 "Bitwise";
    .port_info 9 /OUTPUT 4 "Reduction";
    .port_info 10 /OUTPUT 4 "Logical";
    .port_info 11 /OUTPUT 4 "Concatenation";
    .port_info 12 /OUTPUT 4 "Conditional";
L_000002adcb6971d0 .functor AND 4, v000002adcb6fde70_0, v000002adcb6fdf10_0, C4<1111>, C4<1111>;
L_000002adcb697a20 .functor OR 1, L_000002adcb6ff240, L_000002adcb6fe200, C4<0>, C4<0>;
v000002adcb6734f0_0 .net "A", 3 0, v000002adcb6fd1f0_0;  1 drivers
v000002adcb6a4cc0_0 .net "Arithmetic", 3 0, L_000002adcb6ff100;  alias, 1 drivers
v000002adcb6a4d60_0 .net "B", 3 0, v000002adcb6fde70_0;  1 drivers
v000002adcb6a4e00_0 .net "Bitwise", 3 0, L_000002adcb6971d0;  alias, 1 drivers
v000002adcb6a4ea0_0 .net "C", 3 0, v000002adcb6fdf10_0;  1 drivers
v000002adcb6a4f40_0 .net "Concatenation", 3 0, L_000002adcb6ff880;  alias, 1 drivers
v000002adcb6fdab0_0 .net "Conditional", 3 0, L_000002adcb6fe8e0;  alias, 1 drivers
v000002adcb6fdb50_0 .net "D", 3 0, v000002adcb6ff060_0;  1 drivers
v000002adcb6fd0b0_0 .net "Equality", 3 0, L_000002adcb6ff7e0;  alias, 1 drivers
v000002adcb6fd330_0 .net "Logical", 3 0, L_000002adcb6ff740;  alias, 1 drivers
v000002adcb6fd830_0 .net "Reduction", 3 0, L_000002adcb6fe480;  alias, 1 drivers
v000002adcb6fd6f0_0 .net "Relational", 3 0, L_000002adcb6fe700;  alias, 1 drivers
v000002adcb6fdfb0_0 .net "Shift", 3 0, L_000002adcb6fef20;  alias, 1 drivers
v000002adcb6fd3d0_0 .net *"_ivl_10", 0 0, L_000002adcb6fff60;  1 drivers
L_000002adcb7000d0 .functor BUFT 1, C4<000>, C4<0>, C4<0>, C4<0>;
v000002adcb6fddd0_0 .net *"_ivl_15", 2 0, L_000002adcb7000d0;  1 drivers
v000002adcb6fd790_0 .net *"_ivl_19", 0 0, L_000002adcb6ff1a0;  1 drivers
L_000002adcb700118 .functor BUFT 1, C4<000>, C4<0>, C4<0>, C4<0>;
v000002adcb6fd8d0_0 .net *"_ivl_23", 2 0, L_000002adcb700118;  1 drivers
v000002adcb6fdbf0_0 .net *"_ivl_24", 0 0, L_000002adcb6ff240;  1 drivers
v000002adcb6fd470_0 .net *"_ivl_26", 0 0, L_000002adcb6fe200;  1 drivers
v000002adcb6fdc90_0 .net *"_ivl_29", 0 0, L_000002adcb697a20;  1 drivers
L_000002adcb700160 .functor BUFT 1, C4<000>, C4<0>, C4<0>, C4<0>;
v000002adcb6fd510_0 .net *"_ivl_33", 2 0, L_000002adcb700160;  1 drivers
v000002adcb6fd970_0 .net *"_ivl_35", 1 0, L_000002adcb6feb60;  1 drivers
v000002adcb6fd150_0 .net *"_ivl_37", 1 0, L_000002adcb6ff560;  1 drivers
v000002adcb6fd5b0_0 .net *"_ivl_4", 0 0, L_000002adcb6fefc0;  1 drivers
v000002adcb6fd650_0 .net *"_ivl_40", 0 0, L_000002adcb6ff2e0;  1 drivers
L_000002adcb700088 .functor BUFT 1, C4<000>, C4<0>, C4<0>, C4<0>;
v000002adcb6fda10_0 .net *"_ivl_9", 2 0, L_000002adcb700088;  1 drivers
L_000002adcb6ff100 .arith/sum 4, v000002adcb6fde70_0, v000002adcb6fdf10_0;
L_000002adcb6fef20 .shift/r 4, v000002adcb6fde70_0, v000002adcb6fdf10_0;
L_000002adcb6fefc0 .cmp/gt 4, v000002adcb6fd1f0_0, v000002adcb6fde70_0;
L_000002adcb6fe700 .concat [ 1 3 0 0], L_000002adcb6fefc0, L_000002adcb700088;
L_000002adcb6fff60 .cmp/eq 4, v000002adcb6fd1f0_0, v000002adcb6ff060_0;
L_000002adcb6ff7e0 .concat [ 1 3 0 0], L_000002adcb6fff60, L_000002adcb7000d0;
L_000002adcb6ff1a0 .reduce/or v000002adcb6fde70_0;
L_000002adcb6fe480 .concat [ 1 3 0 0], L_000002adcb6ff1a0, L_000002adcb700118;
L_000002adcb6ff240 .cmp/gt 4, v000002adcb6fd1f0_0, v000002adcb6fde70_0;
L_000002adcb6fe200 .cmp/gt 4, v000002adcb6fd1f0_0, v000002adcb6ff060_0;
L_000002adcb6ff740 .concat [ 1 3 0 0], L_000002adcb697a20, L_000002adcb700160;
L_000002adcb6feb60 .part v000002adcb6fdf10_0, 0, 2;
L_000002adcb6ff560 .part v000002adcb6ff060_0, 2, 2;
L_000002adcb6ff880 .concat [ 2 2 0 0], L_000002adcb6ff560, L_000002adcb6feb60;
L_000002adcb6ff2e0 .cmp/gt 4, v000002adcb6fd1f0_0, v000002adcb6fde70_0;
L_000002adcb6fe8e0 .functor MUXZ 4, v000002adcb6fde70_0, v000002adcb6fd1f0_0, L_000002adcb6ff2e0, C4<>;
    .scope S_000002adcb69d180;
T_0 ;
    %vpi_call 2 37 "$dumpfile", "comb1.vcd" {0 0 0};
    %vpi_call 2 38 "$dumpvars", 32'sb00000000000000000000000000000000, S_000002adcb69d180 {0 0 0};
    %pushi/vec4 12, 0, 4;
    %store/vec4 v000002adcb6fd1f0_0, 0, 4;
    %pushi/vec4 6, 0, 4;
    %store/vec4 v000002adcb6fde70_0, 0, 4;
    %pushi/vec4 2, 0, 4;
    %store/vec4 v000002adcb6fdf10_0, 0, 4;
    %pushi/vec4 12, 0, 4;
    %store/vec4 v000002adcb6ff060_0, 0, 4;
    %delay 20000, 0;
    %vpi_call 2 44 "$finish" {0 0 0};
    %end;
    .thread T_0;
    .scope S_000002adcb69d180;
T_1 ;
    %vpi_call 2 48 "$monitor", "A=%4b, B=%4b, C=%4b, D=%4b\012", v000002adcb6fd1f0_0, v000002adcb6fde70_0, v000002adcb6fdf10_0, v000002adcb6ff060_0, "Arithmetic=%4b, Shift=%4b, Relational=%4b\012", v000002adcb6fd290_0, v000002adcb6fea20_0, v000002adcb6fee80_0, "Equality=%4b, Bitwise=%4b, Reduction=%4b\012", v000002adcb6ffce0_0, v000002adcb6fdd30_0, v000002adcb6ffd80_0, "Logical=%4b, Concatenation=%4b, Conditional=%4b\012", v000002adcb6fe3e0_0, v000002adcb6fe840_0, v000002adcb6fe340_0 {0 0 0};
    %end;
    .thread T_1;
# The file index is used to find the file name in the following table.
:file_names 4;
    "N/A";
    "<interactive>";
    "comb1_tb.v";
    "./comb1.v";
